1596811485301	mozrunner::runner	INFO	Running command: "C:\\Program Files\\Mozilla Firefox\\firefox.exe" "-marionette" "-foreground" "-no-remote" "-profile" "C:\\Users\\igrus\\AppData\\Local\\Temp\\rust_mozprofilebDc7aV"
1596811486866	addons.webextension.doh-rollout@mozilla.org	WARN	Loading extension 'doh-rollout@mozilla.org': Reading manifest: Invalid extension permission: networkStatus
1596811487462	addons.webextension.screenshots@mozilla.org	WARN	Loading extension 'screenshots@mozilla.org': Reading manifest: Invalid extension permission: mozillaAddons
1596811487463	addons.webextension.screenshots@mozilla.org	WARN	Loading extension 'screenshots@mozilla.org': Reading manifest: Invalid extension permission: telemetry
1596811487463	addons.webextension.screenshots@mozilla.org	WARN	Loading extension 'screenshots@mozilla.org': Reading manifest: Invalid extension permission: resource://pdf.js/
1596811487463	addons.webextension.screenshots@mozilla.org	WARN	Loading extension 'screenshots@mozilla.org': Reading manifest: Invalid extension permission: about:reader*
JavaScript error: resource://gre/modules/XULStore.jsm, line 66: Error: Can't find profile directory.
1596811489775	Marionette	INFO	Listening on port 49527
1596811490022	Marionette	WARN	TLS certificate errors will be ignored for this session
JavaScript error: https://vk.com/js/cmodules/web/notifier.0a8e818aa2d57e0b2510.js?487f25f2324ac5be1b95dbed65ded85e, line 1: TypeError: window.Calls is undefined
1596811500394	Marionette	INFO	Stopped listening on port 49527

###!!! [Child][RunMessage] Error: Channel closing: too late to send/recv, messages will be lost


###!!! [Child][MessageChannel::SendAndWait] Error: Channel error: cannot send/recv

1596811635083	mozrunner::runner	INFO	Running command: "C:\\Program Files\\Mozilla Firefox\\firefox.exe" "-marionette" "-foreground" "-no-remote" "-profile" "C:\\Users\\igrus\\AppData\\Local\\Temp\\rust_mozprofileFs2Taw"
1596811635469	addons.webextension.doh-rollout@mozilla.org	WARN	Loading extension 'doh-rollout@mozilla.org': Reading manifest: Invalid extension permission: networkStatus
1596811636094	addons.webextension.screenshots@mozilla.org	WARN	Loading extension 'screenshots@mozilla.org': Reading manifest: Invalid extension permission: mozillaAddons
1596811636094	addons.webextension.screenshots@mozilla.org	WARN	Loading extension 'screenshots@mozilla.org': Reading manifest: Invalid extension permission: telemetry
1596811636095	addons.webextension.screenshots@mozilla.org	WARN	Loading extension 'screenshots@mozilla.org': Reading manifest: Invalid extension permission: resource://pdf.js/
1596811636095	addons.webextension.screenshots@mozilla.org	WARN	Loading extension 'screenshots@mozilla.org': Reading manifest: Invalid extension permission: about:reader*
JavaScript error: resource://gre/modules/XULStore.jsm, line 66: Error: Can't find profile directory.
1596811638167	Marionette	INFO	Listening on port 49691
1596811638219	Marionette	WARN	TLS certificate errors will be ignored for this session
JavaScript error: https://vk.com/js/cmodules/web/notifier.0a8e818aa2d57e0b2510.js?487f25f2324ac5be1b95dbed65ded85e, line 1: TypeError: window.Calls is undefined
1596811690067	mozrunner::runner	INFO	Running command: "C:\\Program Files\\Mozilla Firefox\\firefox.exe" "-marionette" "-foreground" "-no-remote" "-profile" "C:\\Users\\igrus\\AppData\\Local\\Temp\\rust_mozprofile7CH4SV"
1596811690441	addons.webextension.doh-rollout@mozilla.org	WARN	Loading extension 'doh-rollout@mozilla.org': Reading manifest: Invalid extension permission: networkStatus
1596811691068	addons.webextension.screenshots@mozilla.org	WARN	Loading extension 'screenshots@mozilla.org': Reading manifest: Invalid extension permission: mozillaAddons
1596811691068	addons.webextension.screenshots@mozilla.org	WARN	Loading extension 'screenshots@mozilla.org': Reading manifest: Invalid extension permission: telemetry
1596811691069	addons.webextension.screenshots@mozilla.org	WARN	Loading extension 'screenshots@mozilla.org': Reading manifest: Invalid extension permission: resource://pdf.js/
1596811691069	addons.webextension.screenshots@mozilla.org	WARN	Loading extension 'screenshots@mozilla.org': Reading manifest: Invalid extension permission: about:reader*
JavaScript error: resource://gre/modules/XULStore.jsm, line 66: Error: Can't find profile directory.
1596811693061	Marionette	INFO	Listening on port 49782
1596811693193	Marionette	WARN	TLS certificate errors will be ignored for this session
JavaScript error: https://vk.com/js/cmodules/web/notifier.0a8e818aa2d57e0b2510.js?487f25f2324ac5be1b95dbed65ded85e, line 1: TypeError: window.Calls is undefined
1596811826043	Marionette	INFO	Stopped listening on port 49782

###!!! [Child][RunMessage] Error: Channel closing: too late to send/recv, messages will be lost


###!!! [Child][MessageChannel::SendAndWait] Error: Channel error: cannot send/recv

n.doh-rollout@mozilla.org	WARN	Loading extension 'doh-rollout@mozilla.org': Reading manifest: Invalid extension permission: networkStatus
1596811729444	addons.webextension.screenshots@mozilla.org	WARN	Loading extension 'screenshots@mozilla.org': Reading manifest: Invalid extension permission: mozillaAddons
1596811729445	addons.webextension.screenshots@mozilla.org	WARN	Loading extension 'screenshots@mozilla.org': Reading manifest: Invalid extension permission: telemetry
1596811729445	addons.webextension.screenshots@mozilla.org	WARN	Loading extension 'screenshots@mozilla.org': Reading manifest: Invalid extension permission: resource://pdf.js/
1596811729445	addons.webextension.screenshots@mozilla.org	WARN	Loading extension 'screenshots@mozilla.org': Reading manifest: Invalid extension permission: about:reader*
JavaScript error: resource://gre/modules/XULStore.jsm, line 66: Error: Can't find profile directory.
1596811731535	Marionette	INFO	Listening on port 49859
1596811731570	Marionette	WARN	TLS certificate errors will be ignored for this session
JavaScript error: https://vk.com/js/cmodules/web/notifier.0a8e818aa2d57e0b2510.js?487f25f2324ac5be1b95dbed65ded85e, line 1: TypeError: window.Calls is undefined
1596811773063	Marionette	INFO	Stopped listening on port 49859

###!!! [Child][RunMessage] Error: Channel closing: too late to send/recv, messages will be lost


###!!! [Child][MessageChannel::SendAndWait] Error: Channel error: cannot send/recv

1596811847726	mozrunner::runner	INFO	Running command: "C:\\Program Files\\Mozilla Firefox\\firefox.exe" "-marionette" "-foreground" "-no-remote" "-profile" "C:\\Users\\igrus\\AppData\\Local\\Temp\\rust_mozprofileVZzBye"
1596811848116	addons.webextension.doh-rollout@mozilla.org	WARN	Loading extension 'doh-rollout@mozilla.org': Reading manifest: Invalid extension permission: networkStatus
1596811848713	addons.webextension.screenshots@mozilla.org	WARN	Loading extension 'screenshots@mozilla.org': Reading manifest: Invalid extension permission: mozillaAddons
1596811848713	addons.webextension.screenshots@mozilla.org	WARN	Loading extension 'screenshots@mozilla.org': Reading manifest: Invalid extension permission: telemetry
1596811848714	addons.webextension.screenshots@mozilla.org	WARN	Loading extension 'screenshots@mozilla.org': Reading manifest: Invalid extension permission: resource://pdf.js/
1596811848714	addons.webextension.screenshots@mozilla.org	WARN	Loading extension 'screenshots@mozilla.org': Reading manifest: Invalid extension permission: about:reader*
JavaScript error: resource://gre/modules/XULStore.jsm, line 66: Error: Can't find profile directory.
1596811850688	Marionette	INFO	Listening on port 49992
1596811850844	Marionette	WARN	TLS certificate errors will be ignored for this session
JavaScript error: https://vk.com/js/cmodules/web/notifier.0a8e818aa2d57e0b2510.js?487f25f2324ac5be1b95dbed65ded85e, line 1: TypeError: window.Calls is undefined
1596811945067	mozrunner::runner	INFO	Running command: "C:\\Program Files\\Mozilla Firefox\\firefox.exe" "-marionette" "-foreground" "-no-remote" "-profile" "C:\\Users\\igrus\\AppData\\Local\\Temp\\rust_mozprofile43iHXn"
1596811945569	addons.webextension.doh-rollout@mozilla.org	WARN	Loading extension 'doh-rollout@mozilla.org': Reading manifest: Invalid extension permission: networkStatus
1596811946226	addons.webextension.screenshots@mozilla.org	WARN	Loading extension 'screenshots@mozilla.org': Reading manifest: Invalid extension permission: mozillaAddons
1596811946227	addons.webextension.screenshots@mozilla.org	WARN	Loading extension 'screenshots@mozilla.org': Reading manifest: Invalid extension permission: telemetry
1596811946227	addons.webextension.screenshots@mozilla.org	WARN	Loading extension 'screenshots@mozilla.org': Reading manifest: Invalid extension permission: resource://pdf.js/
1596811946227	addons.webextension.screenshots@mozilla.org	WARN	Loading extension 'screenshots@mozilla.org': Reading manifest: Invalid extension permission: about:reader*
JavaScript error: resource://gre/modules/XULStore.jsm, line 66: Error: Can't find profile directory.
1596811948379	Marionette	INFO	Listening on port 50132
1596811948681	Marionette	WARN	TLS certificate errors will be ignored for this session
JavaScript error: https://vk.com/js/cmodules/web/notifier.0a8e818aa2d57e0b2510.js?487f25f2324ac5be1b95dbed65ded85e, line 1: TypeError: window.Calls is undefined
1596812466888	Marionette	INFO	Stopped listening on port 50132

###!!! [Child][RunMessage] Error: Channel closing: too late to send/recv, messages will be lost


###!!! [Child][MessageChannel::SendAndWait] Error: Channel error: cannot send/recv

1596975164270	mozrunner::runner	INFO	Running command: "C:\\Program Files\\Mozilla Firefox\\firefox.exe" "-marionette" "-foreground" "-no-remote" "-profile" "C:\\Users\\igrus\\AppData\\Local\\Temp\\rust_mozprofilek0Zu7W"
1596975166015	addons.webextension.doh-rollout@mozilla.org	WARN	Loading extension 'doh-rollout@mozilla.org': Reading manifest: Invalid extension permission: networkStatus
1596975166624	addons.webextension.screenshots@mozilla.org	WARN	Loading extension 'screenshots@mozilla.org': Reading manifest: Invalid extension permission: mozillaAddons
1596975166624	addons.webextension.screenshots@mozilla.org	WARN	Loading extension 'screenshots@mozilla.org': Reading manifest: Invalid extension permission: telemetry
1596975166624	addons.webextension.screenshots@mozilla.org	WARN	Loading extension 'screenshots@mozilla.org': Reading manifest: Invalid extension permission: resource://pdf.js/
1596975166625	addons.webextension.screenshots@mozilla.org	WARN	Loading extension 'screenshots@mozilla.org': Reading manifest: Invalid extension permission: about:reader*
JavaScript error: resource://gre/modules/XULStore.jsm, line 66: Error: Can't find profile directory.
1596975169682	Marionette	INFO	Listening on port 53745
1596975169989	Marionette	WARN	TLS certificate errors will be ignored for this session
JavaScript error: https://vk.com/js/cmodules/web/notifier.f412110f74bdd2ecd18d.js?2bc2f43506335c810b82fdb4557c0c60, line 1: TypeError: window.Calls is undefined
1596975362185	mozrunner::runner	INFO	Running command: "C:\\Program Files\\Mozilla Firefox\\firefox.exe" "-marionette" "-foreground" "-no-remote" "-profile" "C:\\Users\\igrus\\AppData\\Local\\Temp\\rust_mozprofileewOW5r"
1596975362604	addons.webextension.doh-rollout@mozilla.org	WARN	Loading extension 'doh-rollout@mozilla.org': Reading manifest: Invalid extension permission: networkStatus
1596975363222	addons.webextension.screenshots@mozilla.org	WARN	Loading extension 'screenshots@mozilla.org': Reading manifest: Invalid extension permission: mozillaAddons
1596975363222	addons.webextension.screenshots@mozilla.org	WARN	Loading extension 'screenshots@mozilla.org': Reading manifest: Invalid extension permission: telemetry
1596975363222	addons.webextension.screenshots@mozilla.org	WARN	Loading extension 'screenshots@mozilla.org': Reading manifest: Invalid extension permission: resource://pdf.js/
1596975363222	addons.webextension.screenshots@mozilla.org	WARN	Loading extension 'screenshots@mozilla.org': Reading manifest: Invalid extension permission: about:reader*
JavaScript error: resource://gre/modules/XULStore.jsm, line 66: Error: Can't find profile directory.
1596975365633	Marionette	INFO	Listening on port 53819
1596975365824	Marionette	WARN	TLS certificate errors will be ignored for this session
JavaScript error: https://vk.com/js/cmodules/web/notifier.f412110f74bdd2ecd18d.js?2bc2f43506335c810b82fdb4557c0c60, line 1: TypeError: window.Calls is undefined
1596975410254	Marionette	INFO	Stopped listening on port 53819

###!!! [Child][RunMessage] Error: Channel closing: too late to send/recv, messages will be lost


###!!! [Child][MessageChannel::SendAndWait] Error: Channel error: cannot send/recv

1596976239564	mozrunner::runner	INFO	Running command: "C:\\Program Files\\Mozilla Firefox\\firefox.exe" "-marionette" "-foreground" "-no-remote" "-profile" "C:\\Users\\igrus\\AppData\\Local\\Temp\\rust_mozprofileiCkm0S"
1596976240872	addons.webextension.doh-rollout@mozilla.org	WARN	Loading extension 'doh-rollout@mozilla.org': Reading manifest: Invalid extension permission: networkStatus
1596976241732	addons.webextension.screenshots@mozilla.org	WARN	Loading extension 'screenshots@mozilla.org': Reading manifest: Invalid extension permission: mozillaAddons
1596976241732	addons.webextension.screenshots@mozilla.org	WARN	Loading extension 'screenshots@mozilla.org': Reading manifest: Invalid extension permission: telemetry
1596976241732	addons.webextension.screenshots@mozilla.org	WARN	Loading extension 'screenshots@mozilla.org': Reading manifest: Invalid extension permission: resource://pdf.js/
1596976241732	addons.webextension.screenshots@mozilla.org	WARN	Loading extension 'screenshots@mozilla.org': Reading manifest: Invalid extension permission: about:reader*
JavaScript error: resource://gre/modules/XULStore.jsm, line 66: Error: Can't find profile directory.
1596976243880	Marionette	INFO	Listening on port 54107
1596976244286	Marionette	WARN	TLS certificate errors will be ignored for this session
JavaScript error: https://vk.com/js/cmodules/web/notifier.f412110f74bdd2ecd18d.js?2bc2f43506335c810b82fdb4557c0c60, line 1: TypeError: window.Calls is undefined
1596976708905	Marionette	INFO	Stopped listening on port 54107

###!!! [Child][RunMessage] Error: Channel closing: too late to send/recv, messages will be lost


###!!! [Child][MessageChannel::SendAndWait] Error: Channel error: cannot send/recv

1596977038117	mozrunner::runner	INFO	Running command: "C:\\Program Files\\Mozilla Firefox\\firefox.exe" "-marionette" "-foreground" "-no-remote" "-profile" "C:\\Users\\igrus\\AppData\\Local\\Temp\\rust_mozprofile2DJZQ4"
1596977038521	addons.webextension.doh-rollout@mozilla.org	WARN	Loading extension 'doh-rollout@mozilla.org': Reading manifest: Invalid extension permission: networkStatus
1596977039129	addons.webextension.screenshots@mozilla.org	WARN	Loading extension 'screenshots@mozilla.org': Reading manifest: Invalid extension permission: mozillaAddons
1596977039129	addons.webextension.screenshots@mozilla.org	WARN	Loading extension 'screenshots@mozilla.org': Reading manifest: Invalid extension permission: telemetry
1596977039129	addons.webextension.screenshots@mozilla.org	WARN	Loading extension 'screenshots@mozilla.org': Reading manifest: Invalid extension permission: resource://pdf.js/
1596977039129	addons.webextension.screenshots@mozilla.org	WARN	Loading extension 'screenshots@mozilla.org': Reading manifest: Invalid extension permission: about:reader*
JavaScript error: resource://gre/modules/XULStore.jsm, line 66: Error: Can't find profile directory.
1596977041278	Marionette	INFO	Listening on port 54405
1596977041734	Marionette	WARN	TLS certificate errors will be ignored for this session
JavaScript error: https://vk.com/js/cmodules/web/notifier.f412110f74bdd2ecd18d.js?2bc2f43506335c810b82fdb4557c0c60, line 1: TypeError: window.Calls is undefined
1596979103643	Marionette	INFO	Stopped listening on port 54405

###!!! [Child][RunMessage] Error: Channel closing: too late to send/recv, messages will be lost


###!!! [Child][MessageChannel::SendAndWait] Error: Channel error: cannot send/recv

1608761433780	mozrunner::runner	INFO	Running command: "C:\\Program Files\\Mozilla Firefox\\firefox.exe" "-marionette" "-foreground" "-no-remote" "-profile" "C:\\Users\\igrus\\AppData\\Local\\Temp\\rust_mozprofileSYbvfq"
Can't find symbol 'eglSwapBuffersWithDamageEXT'.
Can't find symbol 'eglSetDamageRegionKHR'.
JavaScript error: resource://gre/modules/XULStore.jsm, line 66: Error: Can't find profile directory.
console.warn: SearchSettings: "get: No settings file exists, new profile?" (new Error("", "(unknown module)"))
1608761437330	Marionette	INFO	Listening on port 50430
1608761437510	Marionette	WARN	TLS certificate errors will be ignored for this session
Can't find symbol 'eglSwapBuffersWithDamageEXT'.
Can't find symbol 'eglSetDamageRegionKHR'.
JavaScript error: https://st.vk.com/js/cmodules/web/notifier.830a2800edeffe483a7f.js?4615b60cce5bdea9a1f83414521706cc, line 1: TypeError: window.Calls is undefined
1608761471667	Marionette	INFO	Stopped listening on port 50430

###!!! [Child][RunMessage] Error: Channel closing: too late to send/recv, messages will be lost

1608761473735	mozrunner::runner	INFO	Running command: "C:\\Program Files\\Mozilla Firefox\\firefox.exe" "-marionette" "-foreground" "-no-remote" "-profile" "C:\\Users\\igrus\\AppData\\Local\\Temp\\rust_mozprofiledmG1Xh"
Can't find symbol 'eglSwapBuffersWithDamageEXT'.
Can't find symbol 'eglSetDamageRegionKHR'.
JavaScript error: resource://gre/modules/XULStore.jsm, line 66: Error: Can't find profile directory.
console.warn: SearchSettings: "get: No settings file exists, new profile?" (new Error("", "(unknown module)"))
1608761477666	Marionette	INFO	Listening on port 50577
1608761477940	Marionette	WARN	TLS certificate errors will be ignored for this session
Can't find symbol 'eglSwapBuffersWithDamageEXT'.
Can't find symbol 'eglSetDamageRegionKHR'.
JavaScript error: https://st.vk.com/js/cmodules/web/notifier.830a2800edeffe483a7f.js?4615b60cce5bdea9a1f83414521706cc, line 1: TypeError: window.Calls is undefined
1608761511151	Marionette	INFO	Stopped listening on port 50577

###!!! [Child][RunMessage] Error: Channel closing: too late to send/recv, messages will be lost

rs\\igrus\\AppData\\Local\\Temp\\rust_mozprofilexrgeJH"
Can't find symbol 'eglSwapBuffersWithDamageEXT'.
Can't find symbol 'eglSetDamageRegionKHR'.
JavaScript error: resource://gre/modules/XULStore.jsm, line 66: Error: Can't find profile directory.
console.warn: SearchSettings: "get: No settings file exists, new profile?" (new Error("", "(unknown module)"))
1608761514991	Marionette	INFO	Listening on port 50721
1608761515490	Marionette	WARN	TLS certificate errors will be ignored for this session
Can't find symbol 'eglSwapBuffersWithDamageEXT'.
Can't find symbol 'eglSetDamageRegionKHR'.
JavaScript error: https://st.vk.com/js/cmodules/web/notifier.830a2800edeffe483a7f.js?4615b60cce5bdea9a1f83414521706cc, line 1: TypeError: window.Calls is undefined
1608761594710	Marionette	INFO	Stopped listening on port 50721

###!!! [Child][RunMessage] Error: Channel closing: too late to send/recv, messages will be lost

rs\\igrus\\AppData\\Local\\Temp\\rust_mozprofile0QHFqX"
Can't find symbol 'eglSwapBuffersWithDamageEXT'.
Can't find symbol 'eglSetDamageRegionKHR'.
JavaScript error: resource://gre/modules/XULStore.jsm, line 66: Error: Can't find profile directory.
console.warn: SearchSettings: "get: No settings file exists, new profile?" (new Error("", "(unknown module)"))
1608761591290	Marionette	INFO	Listening on port 50879
1608761591338	Marionette	WARN	TLS certificate errors will be ignored for this session
Can't find symbol 'eglSwapBuffersWithDamageEXT'.
Can't find symbol 'eglSetDamageRegionKHR'.
JavaScript error: https://st.vk.com/js/cmodules/web/notifier.830a2800edeffe483a7f.js?4615b60cce5bdea9a1f83414521706cc, line 1: TypeError: window.Calls is undefined
1608761627139	Marionette	INFO	Stopped listening on port 50879

###!!! [Child][RunMessage] Error: Channel closing: too late to send/recv, messages will be lost

rs\\igrus\\AppData\\Local\\Temp\\rust_mozprofileM3ENYO"
Can't find symbol 'eglSwapBuffersWithDamageEXT'.
Can't find symbol 'eglSetDamageRegionKHR'.
JavaScript error: resource://gre/modules/XULStore.jsm, line 66: Error: Can't find profile directory.
console.warn: SearchSettings: "get: No settings file exists, new profile?" (new Error("", "(unknown module)"))
1608761624721	Marionette	INFO	Listening on port 51008
1608761624880	Marionette	WARN	TLS certificate errors will be ignored for this session
Can't find symbol 'eglSwapBuffersWithDamageEXT'.
Can't find symbol 'eglSetDamageRegionKHR'.
JavaScript error: https://st.vk.com/js/cmodules/web/notifier.830a2800edeffe483a7f.js?4615b60cce5bdea9a1f83414521706cc, line 1: TypeError: window.Calls is undefined
[Child 7788, MediaDecoderStateMachine #1] WARNING: Decoder=22d98754000 state=DECODING_METADATA Decode metadata failed, shutting down decoder: file /builds/worker/checkouts/gecko/dom/media/MediaDecoderStateMachine.cpp:376
[Child 7788, MediaDecoderStateMachine #1] WARNING: Decoder=22d98754000 Decode error: NS_ERROR_DOM_MEDIA_METADATA_ERR (0x806e0006): file /builds/worker/checkouts/gecko/dom/media/MediaDecoderStateMachine.cpp:3471
[Child 7788, MediaDecoderStateMachine #1] WARNING: Decoder=22d98755c00 state=DECODING_METADATA Decode metadata failed, shutting down decoder: file /builds/worker/checkouts/gecko/dom/media/MediaDecoderStateMachine.cpp:376
[Child 7788, MediaDecoderStateMachine #1] WARNING: Decoder=22d98755c00 Decode error: NS_ERROR_DOM_MEDIA_METADATA_ERR (0x806e0006): file /builds/worker/checkouts/gecko/dom/media/MediaDecoderStateMachine.cpp:3471
1608773624815	Marionette	INFO	Stopped listening on port 51008
ram Files\\Mozilla Firefox\\firefox.exe" "-marionette" "-foreground" "-no-remote" "-profile" "C:\\Users\\igrus\\AppData\\Local\\Temp\\rust_mozprofileBTovU2"
Can't find symbol 'eglSwapBuffersWithDamageEXT'.
Can't find symbol 'eglSetDamageRegionKHR'.
JavaScript error: resource://gre/modules/XULStore.jsm, line 66: Error: Can't find profile directory.
console.warn: SearchSettings: "get: No settings file exists, new profile?" (new Error("", "(unknown module)"))
1608761680024	Marionette	INFO	Listening on port 51159
1608761680542	Marionette	WARN	TLS certificate errors will be ignored for this session
Can't find symbol 'eglSwapBuffersWithDamageEXT'.
Can't find symbol 'eglSetDamageRegionKHR'.
JavaScript error: https://st.vk.com/js/cmodules/web/notifier.830a2800edeffe483a7f.js?4615b60cce5bdea9a1f83414521706cc, line 1: TypeError: window.Calls is undefined
1608761699527	Marionette	INFO	Stopped listening on port 51159

###!!! [Child][RunMessage] Error: Channel closing: too late to send/recv, messages will be lost

1608761722108	mozrunner::runner	INFO	Running command: "C:\\Program Files\\Mozilla Firefox\\firefox.exe" "-marionette" "-foreground" "-no-remote" "-profile" "C:\\Users\\igrus\\AppData\\Local\\Temp\\rust_mozprofileCJcPyK"
Can't find symbol 'eglSwapBuffersWithDamageEXT'.
Can't find symbol 'eglSetDamageRegionKHR'.
JavaScript error: resource://gre/modules/XULStore.jsm, line 66: Error: Can't find profile directory.
console.warn: SearchSettings: "get: No settings file exists, new profile?" (new Error("", "(unknown module)"))
1608761726013	Marionette	INFO	Listening on port 51300
1608761726316	Marionette	WARN	TLS certificate errors will be ignored for this session
Can't find symbol 'eglSwapBuffersWithDamageEXT'.
Can't find symbol 'eglSetDamageRegionKHR'.
JavaScript error: https://st.vk.com/js/cmodules/web/notifier.830a2800edeffe483a7f.js?4615b60cce5bdea9a1f83414521706cc, line 1: TypeError: window.Calls is undefined
1608761750042	Marionette	INFO	Stopped listening on port 51300

###!!! [Child][RunMessage] Error: Channel closing: too late to send/recv, messages will be lost

1612212749147	mozrunner::runner	INFO	Running command: "C:\\Program Files\\Mozilla Firefox\\firefox.exe" "-marionette" "-foreground" "-no-remote" "-profile" "C:\\Users\\igrus\\AppData\\Local\\Temp\\rust_mozprofileY6Ze4N"
Can't find symbol 'eglSwapBuffersWithDamageEXT'.
Can't find symbol 'eglSetDamageRegionKHR'.
JavaScript error: resource://gre/modules/XULStore.jsm, line 66: Error: Can't find profile directory.
console.warn: SearchSettings: "get: No settings file exists, new profile?" (new Error("", "(unknown module)"))
1612212753903	Marionette	INFO	Listening on port 51037
1612212753972	Marionette	WARN	TLS certificate errors will be ignored for this session
Can't find symbol 'eglSwapBuffersWithDamageEXT'.
Can't find symbol 'eglSetDamageRegionKHR'.
JavaScript error: https://st.vk.com/js/cmodules/web/notifier.d1519365b667225765d9.js?34d960c92e1fc984e160b79ca182b9b1, line 1: TypeError: window.Calls is undefined
JavaScript warning: https://yastatic.net/partner-code-bundles/13707/eb0ee6eacceca581a3cf.js, line 2: unreachable code after return statement
1612213834748	Marionette	INFO	Stopped listening on port 51037

###!!! [Child][RunMessage] Error: Channel closing: too late to send/recv, messages will be lost

rs\\igrus\\AppData\\Local\\Temp\\rust_mozprofile96sRbm"
Can't find symbol 'eglSwapBuffersWithDamageEXT'.
Can't find symbol 'eglSetDamageRegionKHR'.
JavaScript error: resource://gre/modules/XULStore.jsm, line 66: Error: Can't find profile directory.
console.warn: SearchSettings: "get: No settings file exists, new profile?" (new Error("", "(unknown module)"))
1612212818368	Marionette	INFO	Listening on port 51193
1612212818441	Marionette	WARN	TLS certificate errors will be ignored for this session
Can't find symbol 'eglSwapBuffersWithDamageEXT'.
Can't find symbol 'eglSetDamageRegionKHR'.
JavaScript error: https://st.vk.com/js/cmodules/web/notifier.d1519365b667225765d9.js?34d960c92e1fc984e160b79ca182b9b1, line 1: TypeError: window.Calls is undefined
JavaScript error: resource://activity-stream/lib/ASRouter.jsm, line 987: NS_ERROR_ILLEGAL_VALUE: Component returned failure code: 0x80070057 (NS_ERROR_ILLEGAL_VALUE) [nsIObserverService.removeObserver]
console.error: services.settings: 
  main/message-groups Signature failed  TypeError: NetworkError when attempting to fetch resource.
console.error: services.settings: 
  main/fxmonitor-breaches Signature failed  TypeError: NetworkError when attempting to fetch resource.
console.error: services.settings: 
  main/partitioning-exempt-urls Signature failed  TypeError: NetworkError when attempting to fetch resource.
1612212836276	Marionette	INFO	Stopped listening on port 51193

###!!! [Child][RunMessage] Error: Channel closing: too late to send/recv, messages will be lost

